Arguments: 
  C:\Program Files\nodejs\node.exe C:\Users\pedro.grilo\AppData\Roaming\npm\node_modules\yarn\bin\yarn.js

PATH: 
  C:\Users\pedro.grilo\bin;C:\Program Files\Git\mingw64\bin;C:\Program Files\Git\usr\local\bin;C:\Program Files\Git\usr\bin;C:\Program Files\Git\usr\bin;C:\Program Files\Git\mingw64\bin;C:\Program Files\Git\usr\bin;C:\Users\pedro.grilo\bin;C:\Users\pedro.grilo\AppData\Local\cloud-code\installer\google-cloud-sdk\bin;C:\Program Files (x86)\Common Files\Oracle\Java\javapath;C:\WINDOWS\system32;C:\WINDOWS;C:\WINDOWS\System32\Wbem;C:\WINDOWS\System32\WindowsPowerShell\v1.0;C:\WINDOWS\System32\OpenSSH;C:\Program Files\GitHub CLI;C:\Users\pedro.grilo\AppData\Roaming\nvm;C:\Program Files\nodejs;C:\Program Files\RedHat\Podman;C:\Program Files\Portugal Identity Card;C:\Program Files\dotnet;C:\ProgramData\chocolatey\bin;C:\Program Files\Amazon\AWSCLIV2;C:\Program Files\Git\cmd;C:\Program Files\MySQL\MySQL Shell 8.0\bin;C:\Users\pedro.grilo\AppData\Local\Microsoft\WindowsApps;C:\Users\pedro.grilo\AppData\Local\Programs\Microsoft VS Code\bin;C:\Users\pedro.grilo\AppData\Roaming\npm;C:\Users\pedro.grilo\AppData\Roaming\nvm;C:\Program Files\nodejs;C:\Program Files (x86)\BrowserStackLocal;C:\Users\pedro.grilo\.bun\bin;C:\Users\pedro.grilo\AppData\Local\JetBrains\Toolbox\scripts;C:\Program Files\Git\usr\bin\vendor_perl;C:\Program Files\Git\usr\bin\core_perl

Yarn version: 
  1.22.19

Node version: 
  16.14.0

Platform: 
  win32 x64

Trace: 
  Error: https://sc-112656786922.d.codeartifact.eu-west-1.amazonaws.com/npm/ds/express: Unauthenticated: request did not include an Authorization header. Please provide your credentials.
      at Request.params.callback [as _callback] (C:\Users\pedro.grilo\AppData\Roaming\npm\node_modules\yarn\lib\cli.js:66145:18)
      at Request.self.callback (C:\Users\pedro.grilo\AppData\Roaming\npm\node_modules\yarn\lib\cli.js:140890:22)
      at Request.emit (node:events:520:28)
      at Request.<anonymous> (C:\Users\pedro.grilo\AppData\Roaming\npm\node_modules\yarn\lib\cli.js:141862:10)
      at Request.emit (node:events:520:28)
      at Gunzip.<anonymous> (C:\Users\pedro.grilo\AppData\Roaming\npm\node_modules\yarn\lib\cli.js:141784:12)
      at Object.onceWrapper (node:events:639:28)
      at Gunzip.emit (node:events:520:28)
      at endReadableNT (node:internal/streams/readable:1346:12)
      at processTicksAndRejections (node:internal/process/task_queues:83:21)

npm manifest: 
  {
    "name": "news-extension-server",
    "version": "1.0.0",
    "main": "server.js",
    "dependencies": {
      "express": "^4.17.1",
      "mongoose": "^6.0.12",
      "cors": "^2.8.5"
    },
    "scripts": {
      "start": "node server.js"
    }
  }

yarn manifest: 
  No manifest

Lockfile: 
  No lockfile
